<?xml version="1.0" encoding="UTF-8"?>
<testsuite xmlns:xsi="http://www.w3.org/2001/XMLSchema-instance" xsi:noNamespaceSchemaLocation="https://maven.apache.org/surefire/maven-surefire-plugin/xsd/surefire-test-report.xsd" name="ir.co.realtime.disaster.DisasterApplicationTests" time="5.486" tests="1" errors="1" skipped="0" failures="0">
  <properties>
    <property name="sun.desktop" value="gnome"/>
    <property name="awt.toolkit" value="sun.awt.X11.XToolkit"/>
    <property name="file.encoding.pkg" value="sun.io"/>
    <property name="java.specification.version" value="1.8"/>
    <property name="sun.cpu.isalist" value=""/>
    <property name="sun.jnu.encoding" value="UTF-8"/>
    <property name="java.class.path" value="/home/mehdi/projects/disaster-repo/target/test-classes:/home/mehdi/projects/disaster-repo/target/classes:/home/mehdi/.m2/repository/org/springframework/boot/spring-boot-starter-web/2.0.4.RELEASE/spring-boot-starter-web-2.0.4.RELEASE.jar:/home/mehdi/.m2/repository/org/springframework/boot/spring-boot-starter/2.0.4.RELEASE/spring-boot-starter-2.0.4.RELEASE.jar:/home/mehdi/.m2/repository/org/springframework/boot/spring-boot/2.0.4.RELEASE/spring-boot-2.0.4.RELEASE.jar:/home/mehdi/.m2/repository/org/springframework/boot/spring-boot-autoconfigure/2.0.4.RELEASE/spring-boot-autoconfigure-2.0.4.RELEASE.jar:/home/mehdi/.m2/repository/org/springframework/boot/spring-boot-starter-logging/2.0.4.RELEASE/spring-boot-starter-logging-2.0.4.RELEASE.jar:/home/mehdi/.m2/repository/ch/qos/logback/logback-classic/1.2.3/logback-classic-1.2.3.jar:/home/mehdi/.m2/repository/org/apache/logging/log4j/log4j-to-slf4j/2.10.0/log4j-to-slf4j-2.10.0.jar:/home/mehdi/.m2/repository/org/apache/logging/log4j/log4j-api/2.10.0/log4j-api-2.10.0.jar:/home/mehdi/.m2/repository/org/slf4j/jul-to-slf4j/1.7.25/jul-to-slf4j-1.7.25.jar:/home/mehdi/.m2/repository/javax/annotation/javax.annotation-api/1.3.2/javax.annotation-api-1.3.2.jar:/home/mehdi/.m2/repository/org/springframework/boot/spring-boot-starter-json/2.0.4.RELEASE/spring-boot-starter-json-2.0.4.RELEASE.jar:/home/mehdi/.m2/repository/com/fasterxml/jackson/datatype/jackson-datatype-jdk8/2.9.6/jackson-datatype-jdk8-2.9.6.jar:/home/mehdi/.m2/repository/com/fasterxml/jackson/datatype/jackson-datatype-jsr310/2.9.6/jackson-datatype-jsr310-2.9.6.jar:/home/mehdi/.m2/repository/com/fasterxml/jackson/module/jackson-module-parameter-names/2.9.6/jackson-module-parameter-names-2.9.6.jar:/home/mehdi/.m2/repository/org/springframework/boot/spring-boot-starter-tomcat/2.0.4.RELEASE/spring-boot-starter-tomcat-2.0.4.RELEASE.jar:/home/mehdi/.m2/repository/org/apache/tomcat/embed/tomcat-embed-core/8.5.32/tomcat-embed-core-8.5.32.jar:/home/mehdi/.m2/repository/org/apache/tomcat/embed/tomcat-embed-el/8.5.32/tomcat-embed-el-8.5.32.jar:/home/mehdi/.m2/repository/org/apache/tomcat/embed/tomcat-embed-websocket/8.5.32/tomcat-embed-websocket-8.5.32.jar:/home/mehdi/.m2/repository/org/hibernate/validator/hibernate-validator/6.0.11.Final/hibernate-validator-6.0.11.Final.jar:/home/mehdi/.m2/repository/javax/validation/validation-api/2.0.1.Final/validation-api-2.0.1.Final.jar:/home/mehdi/.m2/repository/org/jboss/logging/jboss-logging/3.3.2.Final/jboss-logging-3.3.2.Final.jar:/home/mehdi/.m2/repository/com/fasterxml/classmate/1.3.4/classmate-1.3.4.jar:/home/mehdi/.m2/repository/org/springframework/spring-web/5.0.8.RELEASE/spring-web-5.0.8.RELEASE.jar:/home/mehdi/.m2/repository/org/springframework/spring-beans/5.0.8.RELEASE/spring-beans-5.0.8.RELEASE.jar:/home/mehdi/.m2/repository/org/springframework/spring-webmvc/5.0.8.RELEASE/spring-webmvc-5.0.8.RELEASE.jar:/home/mehdi/.m2/repository/org/springframework/spring-expression/5.0.8.RELEASE/spring-expression-5.0.8.RELEASE.jar:/home/mehdi/.m2/repository/org/springframework/boot/spring-boot-starter-mail/2.0.4.RELEASE/spring-boot-starter-mail-2.0.4.RELEASE.jar:/home/mehdi/.m2/repository/org/springframework/spring-context/5.0.8.RELEASE/spring-context-5.0.8.RELEASE.jar:/home/mehdi/.m2/repository/org/springframework/spring-context-support/5.0.8.RELEASE/spring-context-support-5.0.8.RELEASE.jar:/home/mehdi/.m2/repository/com/sun/mail/javax.mail/1.6.1/javax.mail-1.6.1.jar:/home/mehdi/.m2/repository/javax/activation/activation/1.1/activation-1.1.jar:/home/mehdi/.m2/repository/org/springframework/boot/spring-boot-starter-thymeleaf/2.0.4.RELEASE/spring-boot-starter-thymeleaf-2.0.4.RELEASE.jar:/home/mehdi/.m2/repository/org/thymeleaf/thymeleaf-spring5/3.0.9.RELEASE/thymeleaf-spring5-3.0.9.RELEASE.jar:/home/mehdi/.m2/repository/org/slf4j/slf4j-api/1.7.25/slf4j-api-1.7.25.jar:/home/mehdi/.m2/repository/org/thymeleaf/extras/thymeleaf-extras-java8time/3.0.1.RELEASE/thymeleaf-extras-java8time-3.0.1.RELEASE.jar:/home/mehdi/.m2/repository/org/jboss/aerogear/aerogear-otp-java/1.0.0/aerogear-otp-java-1.0.0.jar:/home/mehdi/.m2/repository/org/springframework/boot/spring-boot-starter-security/2.0.4.RELEASE/spring-boot-starter-security-2.0.4.RELEASE.jar:/home/mehdi/.m2/repository/org/springframework/spring-aop/5.0.8.RELEASE/spring-aop-5.0.8.RELEASE.jar:/home/mehdi/.m2/repository/org/springframework/security/spring-security-config/5.0.7.RELEASE/spring-security-config-5.0.7.RELEASE.jar:/home/mehdi/.m2/repository/org/springframework/security/spring-security-core/5.0.7.RELEASE/spring-security-core-5.0.7.RELEASE.jar:/home/mehdi/.m2/repository/org/springframework/security/spring-security-web/5.0.7.RELEASE/spring-security-web-5.0.7.RELEASE.jar:/home/mehdi/.m2/repository/javax/servlet/jstl/1.2/jstl-1.2.jar:/home/mehdi/.m2/repository/javax/el/el-api/2.2/el-api-2.2.jar:/home/mehdi/.m2/repository/org/passay/passay/1.0/passay-1.0.jar:/home/mehdi/.m2/repository/org/cryptacular/cryptacular/1.0/cryptacular-1.0.jar:/home/mehdi/.m2/repository/org/bouncycastle/bcprov-jdk15on/1.50/bcprov-jdk15on-1.50.jar:/home/mehdi/.m2/repository/org/springframework/boot/spring-boot-starter-data-jpa/2.0.4.RELEASE/spring-boot-starter-data-jpa-2.0.4.RELEASE.jar:/home/mehdi/.m2/repository/org/springframework/boot/spring-boot-starter-aop/2.0.4.RELEASE/spring-boot-starter-aop-2.0.4.RELEASE.jar:/home/mehdi/.m2/repository/org/aspectj/aspectjweaver/1.8.13/aspectjweaver-1.8.13.jar:/home/mehdi/.m2/repository/org/springframework/boot/spring-boot-starter-jdbc/2.0.4.RELEASE/spring-boot-starter-jdbc-2.0.4.RELEASE.jar:/home/mehdi/.m2/repository/com/zaxxer/HikariCP/2.7.9/HikariCP-2.7.9.jar:/home/mehdi/.m2/repository/org/springframework/spring-jdbc/5.0.8.RELEASE/spring-jdbc-5.0.8.RELEASE.jar:/home/mehdi/.m2/repository/org/hibernate/hibernate-core/5.2.17.Final/hibernate-core-5.2.17.Final.jar:/home/mehdi/.m2/repository/org/hibernate/javax/persistence/hibernate-jpa-2.1-api/1.0.2.Final/hibernate-jpa-2.1-api-1.0.2.Final.jar:/home/mehdi/.m2/repository/org/javassist/javassist/3.22.0-GA/javassist-3.22.0-GA.jar:/home/mehdi/.m2/repository/antlr/antlr/2.7.7/antlr-2.7.7.jar:/home/mehdi/.m2/repository/org/jboss/jandex/2.0.3.Final/jandex-2.0.3.Final.jar:/home/mehdi/.m2/repository/dom4j/dom4j/1.6.1/dom4j-1.6.1.jar:/home/mehdi/.m2/repository/org/hibernate/common/hibernate-commons-annotations/5.0.1.Final/hibernate-commons-annotations-5.0.1.Final.jar:/home/mehdi/.m2/repository/javax/transaction/javax.transaction-api/1.2/javax.transaction-api-1.2.jar:/home/mehdi/.m2/repository/org/springframework/data/spring-data-jpa/2.0.9.RELEASE/spring-data-jpa-2.0.9.RELEASE.jar:/home/mehdi/.m2/repository/org/springframework/data/spring-data-commons/2.0.9.RELEASE/spring-data-commons-2.0.9.RELEASE.jar:/home/mehdi/.m2/repository/org/springframework/spring-orm/5.0.8.RELEASE/spring-orm-5.0.8.RELEASE.jar:/home/mehdi/.m2/repository/org/springframework/spring-tx/5.0.8.RELEASE/spring-tx-5.0.8.RELEASE.jar:/home/mehdi/.m2/repository/org/springframework/spring-aspects/5.0.8.RELEASE/spring-aspects-5.0.8.RELEASE.jar:/home/mehdi/.m2/repository/mysql/mysql-connector-java/5.1.46/mysql-connector-java-5.1.46.jar:/home/mehdi/.m2/repository/com/google/guava/guava/20.0/guava-20.0.jar:/home/mehdi/.m2/repository/com/github/ua-parser/uap-java/1.4.0/uap-java-1.4.0.jar:/home/mehdi/.m2/repository/org/yaml/snakeyaml/1.19/snakeyaml-1.19.jar:/home/mehdi/.m2/repository/org/apache/commons/commons-collections4/4.1/commons-collections4-4.1.jar:/home/mehdi/.m2/repository/com/maxmind/geoip2/geoip2/2.12.0/geoip2-2.12.0.jar:/home/mehdi/.m2/repository/com/maxmind/db/maxmind-db/1.2.2/maxmind-db-1.2.2.jar:/home/mehdi/.m2/repository/org/apache/httpcomponents/httpclient/4.5.6/httpclient-4.5.6.jar:/home/mehdi/.m2/repository/org/apache/httpcomponents/httpcore/4.4.10/httpcore-4.4.10.jar:/home/mehdi/.m2/repository/commons-codec/commons-codec/1.11/commons-codec-1.11.jar:/home/mehdi/.m2/repository/com/fasterxml/jackson/core/jackson-databind/2.9.6/jackson-databind-2.9.6.jar:/home/mehdi/.m2/repository/com/fasterxml/jackson/core/jackson-core/2.9.6/jackson-core-2.9.6.jar:/home/mehdi/.m2/repository/com/fasterxml/jackson/core/jackson-annotations/2.9.0/jackson-annotations-2.9.0.jar:/home/mehdi/.m2/repository/io/rest-assured/rest-assured/3.0.7/rest-assured-3.0.7.jar:/home/mehdi/.m2/repository/org/codehaus/groovy/groovy/2.4.15/groovy-2.4.15.jar:/home/mehdi/.m2/repository/org/codehaus/groovy/groovy-xml/2.4.15/groovy-xml-2.4.15.jar:/home/mehdi/.m2/repository/org/apache/httpcomponents/httpmime/4.5.6/httpmime-4.5.6.jar:/home/mehdi/.m2/repository/org/hamcrest/hamcrest-core/1.3/hamcrest-core-1.3.jar:/home/mehdi/.m2/repository/org/hamcrest/hamcrest-library/1.3/hamcrest-library-1.3.jar:/home/mehdi/.m2/repository/org/ccil/cowan/tagsoup/tagsoup/1.2.1/tagsoup-1.2.1.jar:/home/mehdi/.m2/repository/io/rest-assured/json-path/3.0.7/json-path-3.0.7.jar:/home/mehdi/.m2/repository/org/codehaus/groovy/groovy-json/2.4.15/groovy-json-2.4.15.jar:/home/mehdi/.m2/repository/io/rest-assured/rest-assured-common/3.0.7/rest-assured-common-3.0.7.jar:/home/mehdi/.m2/repository/io/rest-assured/xml-path/3.0.7/xml-path-3.0.7.jar:/home/mehdi/.m2/repository/org/apache/commons/commons-lang3/3.7/commons-lang3-3.7.jar:/home/mehdi/.m2/repository/javax/xml/bind/jaxb-api/2.3.0/jaxb-api-2.3.0.jar:/home/mehdi/.m2/repository/com/h2database/h2/1.4.197/h2-1.4.197.jar:/home/mehdi/.m2/repository/org/springframework/boot/spring-boot-starter-test/2.0.4.RELEASE/spring-boot-starter-test-2.0.4.RELEASE.jar:/home/mehdi/.m2/repository/org/springframework/boot/spring-boot-test/2.0.4.RELEASE/spring-boot-test-2.0.4.RELEASE.jar:/home/mehdi/.m2/repository/org/springframework/boot/spring-boot-test-autoconfigure/2.0.4.RELEASE/spring-boot-test-autoconfigure-2.0.4.RELEASE.jar:/home/mehdi/.m2/repository/com/jayway/jsonpath/json-path/2.4.0/json-path-2.4.0.jar:/home/mehdi/.m2/repository/net/minidev/json-smart/2.3/json-smart-2.3.jar:/home/mehdi/.m2/repository/net/minidev/accessors-smart/1.2/accessors-smart-1.2.jar:/home/mehdi/.m2/repository/org/ow2/asm/asm/5.0.4/asm-5.0.4.jar:/home/mehdi/.m2/repository/junit/junit/4.12/junit-4.12.jar:/home/mehdi/.m2/repository/org/assertj/assertj-core/3.9.1/assertj-core-3.9.1.jar:/home/mehdi/.m2/repository/org/mockito/mockito-core/2.15.0/mockito-core-2.15.0.jar:/home/mehdi/.m2/repository/net/bytebuddy/byte-buddy/1.7.11/byte-buddy-1.7.11.jar:/home/mehdi/.m2/repository/net/bytebuddy/byte-buddy-agent/1.7.11/byte-buddy-agent-1.7.11.jar:/home/mehdi/.m2/repository/org/objenesis/objenesis/2.6/objenesis-2.6.jar:/home/mehdi/.m2/repository/org/skyscreamer/jsonassert/1.5.0/jsonassert-1.5.0.jar:/home/mehdi/.m2/repository/com/vaadin/external/google/android-json/0.0.20131108.vaadin1/android-json-0.0.20131108.vaadin1.jar:/home/mehdi/.m2/repository/org/springframework/spring-core/5.0.8.RELEASE/spring-core-5.0.8.RELEASE.jar:/home/mehdi/.m2/repository/org/springframework/spring-jcl/5.0.8.RELEASE/spring-jcl-5.0.8.RELEASE.jar:/home/mehdi/.m2/repository/org/springframework/spring-test/5.0.8.RELEASE/spring-test-5.0.8.RELEASE.jar:/home/mehdi/.m2/repository/org/xmlunit/xmlunit-core/2.5.1/xmlunit-core-2.5.1.jar:/home/mehdi/.m2/repository/net/logstash/logback/logstash-logback-encoder/4.8/logstash-logback-encoder-4.8.jar:/home/mehdi/.m2/repository/ch/qos/logback/logback-core/1.2.3/logback-core-1.2.3.jar:/home/mehdi/.m2/repository/org/springframework/boot/spring-boot-configuration-processor/2.0.4.RELEASE/spring-boot-configuration-processor-2.0.4.RELEASE.jar:/home/mehdi/.m2/repository/nz/net/ultraq/thymeleaf/thymeleaf-layout-dialect/2.3.0/thymeleaf-layout-dialect-2.3.0.jar:/home/mehdi/.m2/repository/nz/net/ultraq/thymeleaf/thymeleaf-expression-processor/1.1.3/thymeleaf-expression-processor-1.1.3.jar:/home/mehdi/.m2/repository/org/thymeleaf/thymeleaf/3.0.9.RELEASE/thymeleaf-3.0.9.RELEASE.jar:/home/mehdi/.m2/repository/ognl/ognl/3.1.12/ognl-3.1.12.jar:/home/mehdi/.m2/repository/org/attoparser/attoparser/2.0.4.RELEASE/attoparser-2.0.4.RELEASE.jar:/home/mehdi/.m2/repository/org/unbescape/unbescape/1.1.5.RELEASE/unbescape-1.1.5.RELEASE.jar:"/>
    <property name="java.vm.vendor" value="Oracle Corporation"/>
    <property name="sun.arch.data.model" value="64"/>
    <property name="java.vendor.url" value="http://java.oracle.com/"/>
    <property name="user.timezone" value=""/>
    <property name="java.vm.specification.version" value="1.8"/>
    <property name="os.name" value="Linux"/>
    <property name="user.country" value="US"/>
    <property name="sun.java.launcher" value="SUN_STANDARD"/>
    <property name="sun.boot.library.path" value="/usr/lib/jvm/java-8-oracle/jre/lib/amd64"/>
    <property name="sun.java.command" value="/home/mehdi/projects/disaster-repo/target/surefire/surefirebooter3170648782903936754.jar /home/mehdi/projects/disaster-repo/target/surefire 2019-04-11T14-13-11_711-jvmRun1 surefire6274329269149259434tmp surefire_03253546082990673496tmp"/>
    <property name="surefire.test.class.path" value="/home/mehdi/projects/disaster-repo/target/test-classes:/home/mehdi/projects/disaster-repo/target/classes:/home/mehdi/.m2/repository/org/springframework/boot/spring-boot-starter-web/2.0.4.RELEASE/spring-boot-starter-web-2.0.4.RELEASE.jar:/home/mehdi/.m2/repository/org/springframework/boot/spring-boot-starter/2.0.4.RELEASE/spring-boot-starter-2.0.4.RELEASE.jar:/home/mehdi/.m2/repository/org/springframework/boot/spring-boot/2.0.4.RELEASE/spring-boot-2.0.4.RELEASE.jar:/home/mehdi/.m2/repository/org/springframework/boot/spring-boot-autoconfigure/2.0.4.RELEASE/spring-boot-autoconfigure-2.0.4.RELEASE.jar:/home/mehdi/.m2/repository/org/springframework/boot/spring-boot-starter-logging/2.0.4.RELEASE/spring-boot-starter-logging-2.0.4.RELEASE.jar:/home/mehdi/.m2/repository/ch/qos/logback/logback-classic/1.2.3/logback-classic-1.2.3.jar:/home/mehdi/.m2/repository/org/apache/logging/log4j/log4j-to-slf4j/2.10.0/log4j-to-slf4j-2.10.0.jar:/home/mehdi/.m2/repository/org/apache/logging/log4j/log4j-api/2.10.0/log4j-api-2.10.0.jar:/home/mehdi/.m2/repository/org/slf4j/jul-to-slf4j/1.7.25/jul-to-slf4j-1.7.25.jar:/home/mehdi/.m2/repository/javax/annotation/javax.annotation-api/1.3.2/javax.annotation-api-1.3.2.jar:/home/mehdi/.m2/repository/org/springframework/boot/spring-boot-starter-json/2.0.4.RELEASE/spring-boot-starter-json-2.0.4.RELEASE.jar:/home/mehdi/.m2/repository/com/fasterxml/jackson/datatype/jackson-datatype-jdk8/2.9.6/jackson-datatype-jdk8-2.9.6.jar:/home/mehdi/.m2/repository/com/fasterxml/jackson/datatype/jackson-datatype-jsr310/2.9.6/jackson-datatype-jsr310-2.9.6.jar:/home/mehdi/.m2/repository/com/fasterxml/jackson/module/jackson-module-parameter-names/2.9.6/jackson-module-parameter-names-2.9.6.jar:/home/mehdi/.m2/repository/org/springframework/boot/spring-boot-starter-tomcat/2.0.4.RELEASE/spring-boot-starter-tomcat-2.0.4.RELEASE.jar:/home/mehdi/.m2/repository/org/apache/tomcat/embed/tomcat-embed-core/8.5.32/tomcat-embed-core-8.5.32.jar:/home/mehdi/.m2/repository/org/apache/tomcat/embed/tomcat-embed-el/8.5.32/tomcat-embed-el-8.5.32.jar:/home/mehdi/.m2/repository/org/apache/tomcat/embed/tomcat-embed-websocket/8.5.32/tomcat-embed-websocket-8.5.32.jar:/home/mehdi/.m2/repository/org/hibernate/validator/hibernate-validator/6.0.11.Final/hibernate-validator-6.0.11.Final.jar:/home/mehdi/.m2/repository/javax/validation/validation-api/2.0.1.Final/validation-api-2.0.1.Final.jar:/home/mehdi/.m2/repository/org/jboss/logging/jboss-logging/3.3.2.Final/jboss-logging-3.3.2.Final.jar:/home/mehdi/.m2/repository/com/fasterxml/classmate/1.3.4/classmate-1.3.4.jar:/home/mehdi/.m2/repository/org/springframework/spring-web/5.0.8.RELEASE/spring-web-5.0.8.RELEASE.jar:/home/mehdi/.m2/repository/org/springframework/spring-beans/5.0.8.RELEASE/spring-beans-5.0.8.RELEASE.jar:/home/mehdi/.m2/repository/org/springframework/spring-webmvc/5.0.8.RELEASE/spring-webmvc-5.0.8.RELEASE.jar:/home/mehdi/.m2/repository/org/springframework/spring-expression/5.0.8.RELEASE/spring-expression-5.0.8.RELEASE.jar:/home/mehdi/.m2/repository/org/springframework/boot/spring-boot-starter-mail/2.0.4.RELEASE/spring-boot-starter-mail-2.0.4.RELEASE.jar:/home/mehdi/.m2/repository/org/springframework/spring-context/5.0.8.RELEASE/spring-context-5.0.8.RELEASE.jar:/home/mehdi/.m2/repository/org/springframework/spring-context-support/5.0.8.RELEASE/spring-context-support-5.0.8.RELEASE.jar:/home/mehdi/.m2/repository/com/sun/mail/javax.mail/1.6.1/javax.mail-1.6.1.jar:/home/mehdi/.m2/repository/javax/activation/activation/1.1/activation-1.1.jar:/home/mehdi/.m2/repository/org/springframework/boot/spring-boot-starter-thymeleaf/2.0.4.RELEASE/spring-boot-starter-thymeleaf-2.0.4.RELEASE.jar:/home/mehdi/.m2/repository/org/thymeleaf/thymeleaf-spring5/3.0.9.RELEASE/thymeleaf-spring5-3.0.9.RELEASE.jar:/home/mehdi/.m2/repository/org/slf4j/slf4j-api/1.7.25/slf4j-api-1.7.25.jar:/home/mehdi/.m2/repository/org/thymeleaf/extras/thymeleaf-extras-java8time/3.0.1.RELEASE/thymeleaf-extras-java8time-3.0.1.RELEASE.jar:/home/mehdi/.m2/repository/org/jboss/aerogear/aerogear-otp-java/1.0.0/aerogear-otp-java-1.0.0.jar:/home/mehdi/.m2/repository/org/springframework/boot/spring-boot-starter-security/2.0.4.RELEASE/spring-boot-starter-security-2.0.4.RELEASE.jar:/home/mehdi/.m2/repository/org/springframework/spring-aop/5.0.8.RELEASE/spring-aop-5.0.8.RELEASE.jar:/home/mehdi/.m2/repository/org/springframework/security/spring-security-config/5.0.7.RELEASE/spring-security-config-5.0.7.RELEASE.jar:/home/mehdi/.m2/repository/org/springframework/security/spring-security-core/5.0.7.RELEASE/spring-security-core-5.0.7.RELEASE.jar:/home/mehdi/.m2/repository/org/springframework/security/spring-security-web/5.0.7.RELEASE/spring-security-web-5.0.7.RELEASE.jar:/home/mehdi/.m2/repository/javax/servlet/jstl/1.2/jstl-1.2.jar:/home/mehdi/.m2/repository/javax/el/el-api/2.2/el-api-2.2.jar:/home/mehdi/.m2/repository/org/passay/passay/1.0/passay-1.0.jar:/home/mehdi/.m2/repository/org/cryptacular/cryptacular/1.0/cryptacular-1.0.jar:/home/mehdi/.m2/repository/org/bouncycastle/bcprov-jdk15on/1.50/bcprov-jdk15on-1.50.jar:/home/mehdi/.m2/repository/org/springframework/boot/spring-boot-starter-data-jpa/2.0.4.RELEASE/spring-boot-starter-data-jpa-2.0.4.RELEASE.jar:/home/mehdi/.m2/repository/org/springframework/boot/spring-boot-starter-aop/2.0.4.RELEASE/spring-boot-starter-aop-2.0.4.RELEASE.jar:/home/mehdi/.m2/repository/org/aspectj/aspectjweaver/1.8.13/aspectjweaver-1.8.13.jar:/home/mehdi/.m2/repository/org/springframework/boot/spring-boot-starter-jdbc/2.0.4.RELEASE/spring-boot-starter-jdbc-2.0.4.RELEASE.jar:/home/mehdi/.m2/repository/com/zaxxer/HikariCP/2.7.9/HikariCP-2.7.9.jar:/home/mehdi/.m2/repository/org/springframework/spring-jdbc/5.0.8.RELEASE/spring-jdbc-5.0.8.RELEASE.jar:/home/mehdi/.m2/repository/org/hibernate/hibernate-core/5.2.17.Final/hibernate-core-5.2.17.Final.jar:/home/mehdi/.m2/repository/org/hibernate/javax/persistence/hibernate-jpa-2.1-api/1.0.2.Final/hibernate-jpa-2.1-api-1.0.2.Final.jar:/home/mehdi/.m2/repository/org/javassist/javassist/3.22.0-GA/javassist-3.22.0-GA.jar:/home/mehdi/.m2/repository/antlr/antlr/2.7.7/antlr-2.7.7.jar:/home/mehdi/.m2/repository/org/jboss/jandex/2.0.3.Final/jandex-2.0.3.Final.jar:/home/mehdi/.m2/repository/dom4j/dom4j/1.6.1/dom4j-1.6.1.jar:/home/mehdi/.m2/repository/org/hibernate/common/hibernate-commons-annotations/5.0.1.Final/hibernate-commons-annotations-5.0.1.Final.jar:/home/mehdi/.m2/repository/javax/transaction/javax.transaction-api/1.2/javax.transaction-api-1.2.jar:/home/mehdi/.m2/repository/org/springframework/data/spring-data-jpa/2.0.9.RELEASE/spring-data-jpa-2.0.9.RELEASE.jar:/home/mehdi/.m2/repository/org/springframework/data/spring-data-commons/2.0.9.RELEASE/spring-data-commons-2.0.9.RELEASE.jar:/home/mehdi/.m2/repository/org/springframework/spring-orm/5.0.8.RELEASE/spring-orm-5.0.8.RELEASE.jar:/home/mehdi/.m2/repository/org/springframework/spring-tx/5.0.8.RELEASE/spring-tx-5.0.8.RELEASE.jar:/home/mehdi/.m2/repository/org/springframework/spring-aspects/5.0.8.RELEASE/spring-aspects-5.0.8.RELEASE.jar:/home/mehdi/.m2/repository/mysql/mysql-connector-java/5.1.46/mysql-connector-java-5.1.46.jar:/home/mehdi/.m2/repository/com/google/guava/guava/20.0/guava-20.0.jar:/home/mehdi/.m2/repository/com/github/ua-parser/uap-java/1.4.0/uap-java-1.4.0.jar:/home/mehdi/.m2/repository/org/yaml/snakeyaml/1.19/snakeyaml-1.19.jar:/home/mehdi/.m2/repository/org/apache/commons/commons-collections4/4.1/commons-collections4-4.1.jar:/home/mehdi/.m2/repository/com/maxmind/geoip2/geoip2/2.12.0/geoip2-2.12.0.jar:/home/mehdi/.m2/repository/com/maxmind/db/maxmind-db/1.2.2/maxmind-db-1.2.2.jar:/home/mehdi/.m2/repository/org/apache/httpcomponents/httpclient/4.5.6/httpclient-4.5.6.jar:/home/mehdi/.m2/repository/org/apache/httpcomponents/httpcore/4.4.10/httpcore-4.4.10.jar:/home/mehdi/.m2/repository/commons-codec/commons-codec/1.11/commons-codec-1.11.jar:/home/mehdi/.m2/repository/com/fasterxml/jackson/core/jackson-databind/2.9.6/jackson-databind-2.9.6.jar:/home/mehdi/.m2/repository/com/fasterxml/jackson/core/jackson-core/2.9.6/jackson-core-2.9.6.jar:/home/mehdi/.m2/repository/com/fasterxml/jackson/core/jackson-annotations/2.9.0/jackson-annotations-2.9.0.jar:/home/mehdi/.m2/repository/io/rest-assured/rest-assured/3.0.7/rest-assured-3.0.7.jar:/home/mehdi/.m2/repository/org/codehaus/groovy/groovy/2.4.15/groovy-2.4.15.jar:/home/mehdi/.m2/repository/org/codehaus/groovy/groovy-xml/2.4.15/groovy-xml-2.4.15.jar:/home/mehdi/.m2/repository/org/apache/httpcomponents/httpmime/4.5.6/httpmime-4.5.6.jar:/home/mehdi/.m2/repository/org/hamcrest/hamcrest-core/1.3/hamcrest-core-1.3.jar:/home/mehdi/.m2/repository/org/hamcrest/hamcrest-library/1.3/hamcrest-library-1.3.jar:/home/mehdi/.m2/repository/org/ccil/cowan/tagsoup/tagsoup/1.2.1/tagsoup-1.2.1.jar:/home/mehdi/.m2/repository/io/rest-assured/json-path/3.0.7/json-path-3.0.7.jar:/home/mehdi/.m2/repository/org/codehaus/groovy/groovy-json/2.4.15/groovy-json-2.4.15.jar:/home/mehdi/.m2/repository/io/rest-assured/rest-assured-common/3.0.7/rest-assured-common-3.0.7.jar:/home/mehdi/.m2/repository/io/rest-assured/xml-path/3.0.7/xml-path-3.0.7.jar:/home/mehdi/.m2/repository/org/apache/commons/commons-lang3/3.7/commons-lang3-3.7.jar:/home/mehdi/.m2/repository/javax/xml/bind/jaxb-api/2.3.0/jaxb-api-2.3.0.jar:/home/mehdi/.m2/repository/com/h2database/h2/1.4.197/h2-1.4.197.jar:/home/mehdi/.m2/repository/org/springframework/boot/spring-boot-starter-test/2.0.4.RELEASE/spring-boot-starter-test-2.0.4.RELEASE.jar:/home/mehdi/.m2/repository/org/springframework/boot/spring-boot-test/2.0.4.RELEASE/spring-boot-test-2.0.4.RELEASE.jar:/home/mehdi/.m2/repository/org/springframework/boot/spring-boot-test-autoconfigure/2.0.4.RELEASE/spring-boot-test-autoconfigure-2.0.4.RELEASE.jar:/home/mehdi/.m2/repository/com/jayway/jsonpath/json-path/2.4.0/json-path-2.4.0.jar:/home/mehdi/.m2/repository/net/minidev/json-smart/2.3/json-smart-2.3.jar:/home/mehdi/.m2/repository/net/minidev/accessors-smart/1.2/accessors-smart-1.2.jar:/home/mehdi/.m2/repository/org/ow2/asm/asm/5.0.4/asm-5.0.4.jar:/home/mehdi/.m2/repository/junit/junit/4.12/junit-4.12.jar:/home/mehdi/.m2/repository/org/assertj/assertj-core/3.9.1/assertj-core-3.9.1.jar:/home/mehdi/.m2/repository/org/mockito/mockito-core/2.15.0/mockito-core-2.15.0.jar:/home/mehdi/.m2/repository/net/bytebuddy/byte-buddy/1.7.11/byte-buddy-1.7.11.jar:/home/mehdi/.m2/repository/net/bytebuddy/byte-buddy-agent/1.7.11/byte-buddy-agent-1.7.11.jar:/home/mehdi/.m2/repository/org/objenesis/objenesis/2.6/objenesis-2.6.jar:/home/mehdi/.m2/repository/org/skyscreamer/jsonassert/1.5.0/jsonassert-1.5.0.jar:/home/mehdi/.m2/repository/com/vaadin/external/google/android-json/0.0.20131108.vaadin1/android-json-0.0.20131108.vaadin1.jar:/home/mehdi/.m2/repository/org/springframework/spring-core/5.0.8.RELEASE/spring-core-5.0.8.RELEASE.jar:/home/mehdi/.m2/repository/org/springframework/spring-jcl/5.0.8.RELEASE/spring-jcl-5.0.8.RELEASE.jar:/home/mehdi/.m2/repository/org/springframework/spring-test/5.0.8.RELEASE/spring-test-5.0.8.RELEASE.jar:/home/mehdi/.m2/repository/org/xmlunit/xmlunit-core/2.5.1/xmlunit-core-2.5.1.jar:/home/mehdi/.m2/repository/net/logstash/logback/logstash-logback-encoder/4.8/logstash-logback-encoder-4.8.jar:/home/mehdi/.m2/repository/ch/qos/logback/logback-core/1.2.3/logback-core-1.2.3.jar:/home/mehdi/.m2/repository/org/springframework/boot/spring-boot-configuration-processor/2.0.4.RELEASE/spring-boot-configuration-processor-2.0.4.RELEASE.jar:/home/mehdi/.m2/repository/nz/net/ultraq/thymeleaf/thymeleaf-layout-dialect/2.3.0/thymeleaf-layout-dialect-2.3.0.jar:/home/mehdi/.m2/repository/nz/net/ultraq/thymeleaf/thymeleaf-expression-processor/1.1.3/thymeleaf-expression-processor-1.1.3.jar:/home/mehdi/.m2/repository/org/thymeleaf/thymeleaf/3.0.9.RELEASE/thymeleaf-3.0.9.RELEASE.jar:/home/mehdi/.m2/repository/ognl/ognl/3.1.12/ognl-3.1.12.jar:/home/mehdi/.m2/repository/org/attoparser/attoparser/2.0.4.RELEASE/attoparser-2.0.4.RELEASE.jar:/home/mehdi/.m2/repository/org/unbescape/unbescape/1.1.5.RELEASE/unbescape-1.1.5.RELEASE.jar:"/>
    <property name="sun.cpu.endian" value="little"/>
    <property name="user.home" value="/home/mehdi"/>
    <property name="user.language" value="en"/>
    <property name="java.specification.vendor" value="Oracle Corporation"/>
    <property name="java.home" value="/usr/lib/jvm/java-8-oracle/jre"/>
    <property name="basedir" value="/home/mehdi/projects/disaster-repo"/>
    <property name="file.separator" value="/"/>
    <property name="line.separator" value="&#10;"/>
    <property name="java.vm.specification.vendor" value="Oracle Corporation"/>
    <property name="java.specification.name" value="Java Platform API Specification"/>
    <property name="java.awt.graphicsenv" value="sun.awt.X11GraphicsEnvironment"/>
    <property name="surefire.real.class.path" value="/home/mehdi/projects/disaster-repo/target/surefire/surefirebooter3170648782903936754.jar"/>
    <property name="sun.boot.class.path" value="/usr/lib/jvm/java-8-oracle/jre/lib/resources.jar:/usr/lib/jvm/java-8-oracle/jre/lib/rt.jar:/usr/lib/jvm/java-8-oracle/jre/lib/sunrsasign.jar:/usr/lib/jvm/java-8-oracle/jre/lib/jsse.jar:/usr/lib/jvm/java-8-oracle/jre/lib/jce.jar:/usr/lib/jvm/java-8-oracle/jre/lib/charsets.jar:/usr/lib/jvm/java-8-oracle/jre/lib/jfr.jar:/usr/lib/jvm/java-8-oracle/jre/classes"/>
    <property name="sun.management.compiler" value="HotSpot 64-Bit Tiered Compilers"/>
    <property name="java.runtime.version" value="1.8.0_144-b01"/>
    <property name="user.name" value="mehdi"/>
    <property name="path.separator" value=":"/>
    <property name="os.version" value="4.15.0-47-generic"/>
    <property name="java.endorsed.dirs" value="/usr/lib/jvm/java-8-oracle/jre/lib/endorsed"/>
    <property name="java.runtime.name" value="Java(TM) SE Runtime Environment"/>
    <property name="file.encoding" value="UTF-8"/>
    <property name="java.vm.name" value="Java HotSpot(TM) 64-Bit Server VM"/>
    <property name="localRepository" value="/home/mehdi/.m2/repository"/>
    <property name="java.vendor.url.bug" value="http://bugreport.sun.com/bugreport/"/>
    <property name="java.io.tmpdir" value="/tmp"/>
    <property name="java.version" value="1.8.0_144"/>
    <property name="user.dir" value="/home/mehdi/projects/disaster-repo"/>
    <property name="os.arch" value="amd64"/>
    <property name="java.vm.specification.name" value="Java Virtual Machine Specification"/>
    <property name="java.awt.printerjob" value="sun.print.PSPrinterJob"/>
    <property name="sun.os.patch.level" value="unknown"/>
    <property name="java.library.path" value="/usr/java/packages/lib/amd64:/usr/lib64:/lib64:/lib:/usr/lib"/>
    <property name="java.vm.info" value="mixed mode"/>
    <property name="java.vendor" value="Oracle Corporation"/>
    <property name="java.vm.version" value="25.144-b01"/>
    <property name="java.ext.dirs" value="/usr/lib/jvm/java-8-oracle/jre/lib/ext:/usr/java/packages/lib/ext"/>
    <property name="sun.io.unicode.encoding" value="UnicodeLittle"/>
    <property name="java.class.version" value="52.0"/>
  </properties>
  <testcase name="contextLoads" classname="ir.co.realtime.disaster.DisasterApplicationTests" time="0.009">
    <error message="Failed to load ApplicationContext" type="java.lang.IllegalStateException">java.lang.IllegalStateException: Failed to load ApplicationContext
Caused by: org.springframework.beans.factory.BeanCreationException: Error creating bean with name 'entityManagerFactory' defined in class path resource [ir/co/realtime/disaster/register/spring/PersistenceJPAConfig.class]: Bean instantiation via factory method failed; nested exception is org.springframework.beans.BeanInstantiationException: Failed to instantiate [org.springframework.orm.jpa.LocalContainerEntityManagerFactoryBean]: Factory method 'entityManagerFactory' threw exception; nested exception is org.springframework.beans.factory.BeanCreationException: Error creating bean with name 'dataSource' defined in class path resource [ir/co/realtime/disaster/register/spring/PersistenceJPAConfig.class]: Bean instantiation via factory method failed; nested exception is org.springframework.beans.BeanInstantiationException: Failed to instantiate [javax.sql.DataSource]: Factory method 'dataSource' threw exception; nested exception is java.lang.IllegalStateException: Could not load JDBC driver class [com.mysql.cj.jdbc.Driver]
Caused by: org.springframework.beans.BeanInstantiationException: Failed to instantiate [org.springframework.orm.jpa.LocalContainerEntityManagerFactoryBean]: Factory method 'entityManagerFactory' threw exception; nested exception is org.springframework.beans.factory.BeanCreationException: Error creating bean with name 'dataSource' defined in class path resource [ir/co/realtime/disaster/register/spring/PersistenceJPAConfig.class]: Bean instantiation via factory method failed; nested exception is org.springframework.beans.BeanInstantiationException: Failed to instantiate [javax.sql.DataSource]: Factory method 'dataSource' threw exception; nested exception is java.lang.IllegalStateException: Could not load JDBC driver class [com.mysql.cj.jdbc.Driver]
Caused by: org.springframework.beans.factory.BeanCreationException: Error creating bean with name 'dataSource' defined in class path resource [ir/co/realtime/disaster/register/spring/PersistenceJPAConfig.class]: Bean instantiation via factory method failed; nested exception is org.springframework.beans.BeanInstantiationException: Failed to instantiate [javax.sql.DataSource]: Factory method 'dataSource' threw exception; nested exception is java.lang.IllegalStateException: Could not load JDBC driver class [com.mysql.cj.jdbc.Driver]
Caused by: org.springframework.beans.BeanInstantiationException: Failed to instantiate [javax.sql.DataSource]: Factory method 'dataSource' threw exception; nested exception is java.lang.IllegalStateException: Could not load JDBC driver class [com.mysql.cj.jdbc.Driver]
Caused by: java.lang.IllegalStateException: Could not load JDBC driver class [com.mysql.cj.jdbc.Driver]
Caused by: java.lang.ClassNotFoundException: com.mysql.cj.jdbc.Driver
</error>
    <system-out><![CDATA[
  .   ____          _            __ _ _
 /\\ / ___'_ __ _ _(_)_ __  __ _ \ \ \ \
( ( )\___ | '_ | '_| | '_ \/ _` | \ \ \ \
 \\/  ___)| |_)| | | | | || (_| |  ) ) ) )
  '  |____| .__|_| |_|_| |_\__, | / / / /
 =========|_|==============|___/=/_/_/_/
 :: Spring Boot ::        (v2.0.4.RELEASE)

web - 2019-04-11 14:13:14,529 [main] INFO  i.c.r.d.DisasterApplicationTests - Starting DisasterApplicationTests on alemi with PID 17131 (started by mehdi in /home/mehdi/projects/disaster-repo)
web - 2019-04-11 14:13:14,535 [main] DEBUG i.c.r.d.DisasterApplicationTests - Running with Spring Boot v2.0.4.RELEASE, Spring v5.0.8.RELEASE
web - 2019-04-11 14:13:14,539 [main] INFO  i.c.r.d.DisasterApplicationTests - No active profile set, falling back to default profiles: default
web - 2019-04-11 14:13:18,392 [main] WARN  o.s.w.c.s.GenericWebApplicationContext - Exception encountered during context initialization - cancelling refresh attempt: org.springframework.beans.factory.BeanCreationException: Error creating bean with name 'entityManagerFactory' defined in class path resource [ir/co/realtime/disaster/register/spring/PersistenceJPAConfig.class]: Bean instantiation via factory method failed; nested exception is org.springframework.beans.BeanInstantiationException: Failed to instantiate [org.springframework.orm.jpa.LocalContainerEntityManagerFactoryBean]: Factory method 'entityManagerFactory' threw exception; nested exception is org.springframework.beans.factory.BeanCreationException: Error creating bean with name 'dataSource' defined in class path resource [ir/co/realtime/disaster/register/spring/PersistenceJPAConfig.class]: Bean instantiation via factory method failed; nested exception is org.springframework.beans.BeanInstantiationException: Failed to instantiate [javax.sql.DataSource]: Factory method 'dataSource' threw exception; nested exception is java.lang.IllegalStateException: Could not load JDBC driver class [com.mysql.cj.jdbc.Driver]
web - 2019-04-11 14:13:18,417 [main] ERROR o.s.b.SpringApplication - Application run failed
o.s.b.f.BeanCreationException: Error creating bean with name 'entityManagerFactory' defined in class path resource [ir/co/realtime/disaster/register/spring/PersistenceJPAConfig.class]: Bean instantiation via factory method failed; nested exception is org.springframework.beans.BeanInstantiationException: Failed to instantiate [org.springframework.orm.jpa.LocalContainerEntityManagerFactoryBean]: Factory method 'entityManagerFactory' threw exception; nested exception is org.springframework.beans.factory.BeanCreationException: Error creating bean with name 'dataSource' defined in class path resource [ir/co/realtime/disaster/register/spring/PersistenceJPAConfig.class]: Bean instantiation via factory method failed; nested exception is org.springframework.beans.BeanInstantiationException: Failed to instantiate [javax.sql.DataSource]: Factory method 'dataSource' threw exception; nested exception is java.lang.IllegalStateException: Could not load JDBC driver class [com.mysql.cj.jdbc.Driver]
	at o.s.b.f.s.ConstructorResolver.instantiateUsingFactoryMethod(ConstructorResolver.java:590)
	at o.s.b.f.s.AbstractAutowireCapableBeanFactory.instantiateUsingFactoryMethod(AbstractAutowireCapableBeanFactory.java:1247)
	at o.s.b.f.s.AbstractAutowireCapableBeanFactory.createBeanInstance(AbstractAutowireCapableBeanFactory.java:1096)
	at o.s.b.f.s.AbstractAutowireCapableBeanFactory.doCreateBean(AbstractAutowireCapableBeanFactory.java:535)
	at o.s.b.f.s.AbstractAutowireCapableBeanFactory.createBean(AbstractAutowireCapableBeanFactory.java:495)
	... 40 frames truncated
Caused by: o.s.b.BeanInstantiationException: Failed to instantiate [org.springframework.orm.jpa.LocalContainerEntityManagerFactoryBean]: Factory method 'entityManagerFactory' threw exception; nested exception is org.springframework.beans.factory.BeanCreationException: Error creating bean with name 'dataSource' defined in class path resource [ir/co/realtime/disaster/register/spring/PersistenceJPAConfig.class]: Bean instantiation via factory method failed; nested exception is org.springframework.beans.BeanInstantiationException: Failed to instantiate [javax.sql.DataSource]: Factory method 'dataSource' threw exception; nested exception is java.lang.IllegalStateException: Could not load JDBC driver class [com.mysql.cj.jdbc.Driver]
	at o.s.b.f.s.SimpleInstantiationStrategy.instantiate(SimpleInstantiationStrategy.java:185)
	at o.s.b.f.s.ConstructorResolver.instantiateUsingFactoryMethod(ConstructorResolver.java:582)
	... 44 common frames omitted
Caused by: o.s.b.f.BeanCreationException: Error creating bean with name 'dataSource' defined in class path resource [ir/co/realtime/disaster/register/spring/PersistenceJPAConfig.class]: Bean instantiation via factory method failed; nested exception is org.springframework.beans.BeanInstantiationException: Failed to instantiate [javax.sql.DataSource]: Factory method 'dataSource' threw exception; nested exception is java.lang.IllegalStateException: Could not load JDBC driver class [com.mysql.cj.jdbc.Driver]
	at o.s.b.f.s.ConstructorResolver.instantiateUsingFactoryMethod(ConstructorResolver.java:590)
	at o.s.b.f.s.AbstractAutowireCapableBeanFactory.instantiateUsingFactoryMethod(AbstractAutowireCapableBeanFactory.java:1247)
	at o.s.b.f.s.AbstractAutowireCapableBeanFactory.createBeanInstance(AbstractAutowireCapableBeanFactory.java:1096)
	at o.s.b.f.s.AbstractAutowireCapableBeanFactory.doCreateBean(AbstractAutowireCapableBeanFactory.java:535)
	at o.s.b.f.s.AbstractAutowireCapableBeanFactory.createBean(AbstractAutowireCapableBeanFactory.java:495)
	... 18 frames truncated
	... 45 common frames omitted
Caused by: o.s.b.BeanInstantiationException: Failed to instantiate [javax.sql.DataSource]: Factory method 'dataSource' threw exception; nested exception is java.lang.IllegalStateException: Could not load JDBC driver class [com.mysql.cj.jdbc.Driver]
	at o.s.b.f.s.SimpleInstantiationStrategy.instantiate(SimpleInstantiationStrategy.java:185)
	at o.s.b.f.s.ConstructorResolver.instantiateUsingFactoryMethod(ConstructorResolver.java:582)
	... 67 common frames omitted
Caused by: j.l.IllegalStateException: Could not load JDBC driver class [com.mysql.cj.jdbc.Driver]
	at o.s.j.d.DriverManagerDataSource.setDriverClassName(DriverManagerDataSource.java:130)
	at i.c.r.d.r.s.PersistenceJPAConfig.dataSource(PersistenceJPAConfig.java:51)
	at i.c.r.d.r.s.PersistenceJPAConfig$$EnhancerBySpringCGLIB$$f0c715af.CGLIB$dataSource$1(<generated>)
	at i.c.r.d.r.s.PersistenceJPAConfig$$EnhancerBySpringCGLIB$$f0c715af$$FastClassBySpringCGLIB$$12076985.invoke(<generated>)
	at o.s.c.p.MethodProxy.invokeSuper(MethodProxy.java:228)
	... 7 frames truncated
	... 68 common frames omitted
Caused by: j.l.ClassNotFoundException: com.mysql.cj.jdbc.Driver
	at j.n.URLClassLoader.findClass(URLClassLoader.java:381)
	at j.l.ClassLoader.loadClass(ClassLoader.java:424)
	at s.m.Launcher$AppClassLoader.loadClass(Launcher.java:335)
	at j.l.ClassLoader.loadClass(ClassLoader.java:357)
	at j.l.Class.forName0(Class.java)
	... 2 frames truncated
	... 79 common frames omitted
web - 2019-04-11 14:13:18,421 [main] ERROR o.s.t.c.TestContextManager - Caught exception while allowing TestExecutionListener [org.springframework.test.context.web.ServletTestExecutionListener@9d3c67] to prepare test instance [ir.co.realtime.disaster.DisasterApplicationTests@6c806c8b]
j.l.IllegalStateException: Failed to load ApplicationContext
	at o.s.t.c.c.DefaultCacheAwareContextLoaderDelegate.loadContext(DefaultCacheAwareContextLoaderDelegate.java:125)
	at o.s.t.c.s.DefaultTestContext.getApplicationContext(DefaultTestContext.java:108)
	at o.s.t.c.w.ServletTestExecutionListener.setUpRequestContextIfNecessary(ServletTestExecutionListener.java:190)
	at o.s.t.c.w.ServletTestExecutionListener.prepareTestInstance(ServletTestExecutionListener.java:132)
	at o.s.t.c.TestContextManager.prepareTestInstance(TestContextManager.java:246)
	... 23 frames truncated
Caused by: o.s.b.f.BeanCreationException: Error creating bean with name 'entityManagerFactory' defined in class path resource [ir/co/realtime/disaster/register/spring/PersistenceJPAConfig.class]: Bean instantiation via factory method failed; nested exception is org.springframework.beans.BeanInstantiationException: Failed to instantiate [org.springframework.orm.jpa.LocalContainerEntityManagerFactoryBean]: Factory method 'entityManagerFactory' threw exception; nested exception is org.springframework.beans.factory.BeanCreationException: Error creating bean with name 'dataSource' defined in class path resource [ir/co/realtime/disaster/register/spring/PersistenceJPAConfig.class]: Bean instantiation via factory method failed; nested exception is org.springframework.beans.BeanInstantiationException: Failed to instantiate [javax.sql.DataSource]: Factory method 'dataSource' threw exception; nested exception is java.lang.IllegalStateException: Could not load JDBC driver class [com.mysql.cj.jdbc.Driver]
	at o.s.b.f.s.ConstructorResolver.instantiateUsingFactoryMethod(ConstructorResolver.java:590)
	at o.s.b.f.s.AbstractAutowireCapableBeanFactory.instantiateUsingFactoryMethod(AbstractAutowireCapableBeanFactory.java:1247)
	at o.s.b.f.s.AbstractAutowireCapableBeanFactory.createBeanInstance(AbstractAutowireCapableBeanFactory.java:1096)
	at o.s.b.f.s.AbstractAutowireCapableBeanFactory.doCreateBean(AbstractAutowireCapableBeanFactory.java:535)
	at o.s.b.f.s.AbstractAutowireCapableBeanFactory.createBean(AbstractAutowireCapableBeanFactory.java:495)
	... 13 frames truncated
	... 27 common frames omitted
Caused by: o.s.b.BeanInstantiationException: Failed to instantiate [org.springframework.orm.jpa.LocalContainerEntityManagerFactoryBean]: Factory method 'entityManagerFactory' threw exception; nested exception is org.springframework.beans.factory.BeanCreationException: Error creating bean with name 'dataSource' defined in class path resource [ir/co/realtime/disaster/register/spring/PersistenceJPAConfig.class]: Bean instantiation via factory method failed; nested exception is org.springframework.beans.BeanInstantiationException: Failed to instantiate [javax.sql.DataSource]: Factory method 'dataSource' threw exception; nested exception is java.lang.IllegalStateException: Could not load JDBC driver class [com.mysql.cj.jdbc.Driver]
	at o.s.b.f.s.SimpleInstantiationStrategy.instantiate(SimpleInstantiationStrategy.java:185)
	at o.s.b.f.s.ConstructorResolver.instantiateUsingFactoryMethod(ConstructorResolver.java:582)
	... 44 common frames omitted
Caused by: o.s.b.f.BeanCreationException: Error creating bean with name 'dataSource' defined in class path resource [ir/co/realtime/disaster/register/spring/PersistenceJPAConfig.class]: Bean instantiation via factory method failed; nested exception is org.springframework.beans.BeanInstantiationException: Failed to instantiate [javax.sql.DataSource]: Factory method 'dataSource' threw exception; nested exception is java.lang.IllegalStateException: Could not load JDBC driver class [com.mysql.cj.jdbc.Driver]
	at o.s.b.f.s.ConstructorResolver.instantiateUsingFactoryMethod(ConstructorResolver.java:590)
	at o.s.b.f.s.AbstractAutowireCapableBeanFactory.instantiateUsingFactoryMethod(AbstractAutowireCapableBeanFactory.java:1247)
	at o.s.b.f.s.AbstractAutowireCapableBeanFactory.createBeanInstance(AbstractAutowireCapableBeanFactory.java:1096)
	at o.s.b.f.s.AbstractAutowireCapableBeanFactory.doCreateBean(AbstractAutowireCapableBeanFactory.java:535)
	at o.s.b.f.s.AbstractAutowireCapableBeanFactory.createBean(AbstractAutowireCapableBeanFactory.java:495)
	... 18 frames truncated
	... 45 common frames omitted
Caused by: o.s.b.BeanInstantiationException: Failed to instantiate [javax.sql.DataSource]: Factory method 'dataSource' threw exception; nested exception is java.lang.IllegalStateException: Could not load JDBC driver class [com.mysql.cj.jdbc.Driver]
	at o.s.b.f.s.SimpleInstantiationStrategy.instantiate(SimpleInstantiationStrategy.java:185)
	at o.s.b.f.s.ConstructorResolver.instantiateUsingFactoryMethod(ConstructorResolver.java:582)
	... 67 common frames omitted
Caused by: j.l.IllegalStateException: Could not load JDBC driver class [com.mysql.cj.jdbc.Driver]
	at o.s.j.d.DriverManagerDataSource.setDriverClassName(DriverManagerDataSource.java:130)
	at i.c.r.d.r.s.PersistenceJPAConfig.dataSource(PersistenceJPAConfig.java:51)
	at i.c.r.d.r.s.PersistenceJPAConfig$$EnhancerBySpringCGLIB$$f0c715af.CGLIB$dataSource$1(<generated>)
	at i.c.r.d.r.s.PersistenceJPAConfig$$EnhancerBySpringCGLIB$$f0c715af$$FastClassBySpringCGLIB$$12076985.invoke(<generated>)
	at o.s.c.p.MethodProxy.invokeSuper(MethodProxy.java:228)
	... 7 frames truncated
	... 68 common frames omitted
Caused by: j.l.ClassNotFoundException: com.mysql.cj.jdbc.Driver
	at j.n.URLClassLoader.findClass(URLClassLoader.java:381)
	at j.l.ClassLoader.loadClass(ClassLoader.java:424)
	at s.m.Launcher$AppClassLoader.loadClass(Launcher.java:335)
	at j.l.ClassLoader.loadClass(ClassLoader.java:357)
	at j.l.Class.forName0(Class.java)
	... 2 frames truncated
	... 79 common frames omitted
]]></system-out>
  </testcase>
</testsuite>